app/build/intermediates/manifest_merge_blame_file/debug/manifest-merger-blame-debug-report.txt
1<?xml version="1.0" encoding="utf-8"?>
2<manifest xmlns:android="http://schemas.android.com/apk/res/android"
3    package="com.example.chitchat"
4    android:versionCode="1"
5    android:versionName="1.0" >
6
7    <uses-sdk
8        android:minSdkVersion="24"
<<<<<<< HEAD
8-->src\main\AndroidManifest.xml
9        android:targetSdkVersion="30" />
9-->src\main\AndroidManifest.xml
10
11    <uses-permission android:name="android.permission.READ_EXTERNAL_STORAGE" />
11-->src\main\AndroidManifest.xml:5:5-79
11-->src\main\AndroidManifest.xml:5:22-77
12    <uses-permission android:name="android.permission.INTERNET" />
12-->src\main\AndroidManifest.xml:6:5-66
12-->src\main\AndroidManifest.xml:6:22-64
13    <uses-permission android:name="android.permission.ACCESS_NETWORK_STATE" />
13-->[com.google.firebase:firebase-auth:20.0.3] AndroidManifest.xml:24:5-79
13-->[com.google.firebase:firebase-auth:20.0.3] AndroidManifest.xml:24:22-76
14    <uses-permission android:name="android.permission.REORDER_TASKS" /> <!-- Permission will be merged into the manifest of the hosting app. -->
14-->[androidx.test:core:1.3.0] AndroidManifest.xml:24:5-72
14-->[androidx.test:core:1.3.0] AndroidManifest.xml:24:22-69
15    <!-- Is required to launch foreground extraction service for targetSdkVersion 28+. -->
16    <uses-permission android:name="android.permission.FOREGROUND_SERVICE" />
16-->[com.google.android.play:core:1.7.2] AndroidManifest.xml:8:3-74
16-->[com.google.android.play:core:1.7.2] AndroidManifest.xml:8:20-72
17
18    <application
18-->src\main\AndroidManifest.xml:8:5-37:19
19        android:allowBackup="true"
19-->src\main\AndroidManifest.xml:9:9-35
20        android:appComponentFactory="androidx.core.app.CoreComponentFactory"
20-->[androidx.core:core:1.5.0-beta01] AndroidManifest.xml:24:18-86
21        android:debuggable="true"
22        android:extractNativeLibs="false"
23        android:icon="@mipmap/ic_launcher"
23-->src\main\AndroidManifest.xml:10:9-43
24        android:label="@string/app_name"
24-->src\main\AndroidManifest.xml:11:9-41
25        android:roundIcon="@mipmap/ic_launcher_round"
25-->src\main\AndroidManifest.xml:12:9-54
26        android:supportsRtl="true"
26-->src\main\AndroidManifest.xml:13:9-35
27        android:testOnly="true"
28        android:theme="@style/AppTheme" >
28-->src\main\AndroidManifest.xml:14:9-40
29        <meta-data
29-->src\main\AndroidManifest.xml:15:9-107
30            android:name="com.facebook.sdk.ApplicationId"
30-->src\main\AndroidManifest.xml:15:20-65
31            android:value="@string/facebook_app_id" />
31-->src\main\AndroidManifest.xml:15:66-105
32
33        <activity
33-->src\main\AndroidManifest.xml:16:9-184
34            android:name="com.facebook.FacebookActivity"
34-->src\main\AndroidManifest.xml:16:19-63
35            android:configChanges="keyboard|keyboardHidden|screenLayout|screenSize|orientation"
35-->src\main\AndroidManifest.xml:16:64-148
36            android:label="@string/app_name"
36-->src\main\AndroidManifest.xml:16:149-181
37            android:theme="@style/com_facebook_activity_theme" />
37-->[com.facebook.android:facebook-common:4.42.0] AndroidManifest.xml:32:13-63
38        <activity
38-->src\main\AndroidManifest.xml:17:9-24:20
39            android:name="com.facebook.CustomTabActivity"
39-->src\main\AndroidManifest.xml:17:19-64
40            android:exported="true" >
40-->src\main\AndroidManifest.xml:17:65-88
41            <intent-filter>
41-->src\main\AndroidManifest.xml:18:13-23:25
42                <action android:name="android.intent.action.VIEW" />
42-->src\main\AndroidManifest.xml:19:13-65
42-->src\main\AndroidManifest.xml:19:21-62
43
44                <category android:name="android.intent.category.DEFAULT" />
44-->src\main\AndroidManifest.xml:20:13-72
44-->src\main\AndroidManifest.xml:20:23-69
45                <category android:name="android.intent.category.BROWSABLE" />
45-->src\main\AndroidManifest.xml:21:13-74
45-->src\main\AndroidManifest.xml:21:23-71
46
47                <data android:scheme="@string/fb_login_protocol_scheme" />
47-->src\main\AndroidManifest.xml:22:13-71
47-->src\main\AndroidManifest.xml:22:19-68
=======
8-->src\main\AndroidManifest.xml
9        android:targetSdkVersion="30" />
9-->src\main\AndroidManifest.xml
10
11    <uses-permission android:name="android.permission.READ_EXTERNAL_STORAGE" />
11-->src\main\AndroidManifest.xml:5:5-79
11-->src\main\AndroidManifest.xml:5:22-77
12    <uses-permission android:name="android.permission.INTERNET" />
12-->src\main\AndroidManifest.xml:6:5-66
12-->src\main\AndroidManifest.xml:6:22-64
13    <uses-permission android:name="android.permission.ACCESS_NETWORK_STATE" />
13-->[com.google.firebase:firebase-auth:20.0.3] AndroidManifest.xml:24:5-79
13-->[com.google.firebase:firebase-auth:20.0.3] AndroidManifest.xml:24:22-76
14    <uses-permission android:name="android.permission.REORDER_TASKS" /> <!-- Permission will be merged into the manifest of the hosting app. -->
14-->[androidx.test:core:1.3.0] AndroidManifest.xml:24:5-72
14-->[androidx.test:core:1.3.0] AndroidManifest.xml:24:22-69
15    <!-- Is required to launch foreground extraction service for targetSdkVersion 28+. -->
16    <uses-permission android:name="android.permission.FOREGROUND_SERVICE" />
16-->[com.google.android.play:core:1.7.2] AndroidManifest.xml:8:3-74
16-->[com.google.android.play:core:1.7.2] AndroidManifest.xml:8:20-72
17
18    <application
18-->src\main\AndroidManifest.xml:8:5-37:19
19        android:allowBackup="true"
19-->src\main\AndroidManifest.xml:9:9-35
20        android:appComponentFactory="androidx.core.app.CoreComponentFactory"
20-->[androidx.core:core:1.5.0-beta01] AndroidManifest.xml:24:18-86
21        android:debuggable="true"
22        android:extractNativeLibs="false"
23        android:icon="@mipmap/ic_launcher"
23-->src\main\AndroidManifest.xml:10:9-43
24        android:label="@string/app_name"
24-->src\main\AndroidManifest.xml:11:9-41
25        android:roundIcon="@mipmap/ic_launcher_round"
25-->src\main\AndroidManifest.xml:12:9-54
26        android:supportsRtl="true"
26-->src\main\AndroidManifest.xml:13:9-35
27        android:testOnly="true"
28        android:theme="@style/AppTheme" >
28-->src\main\AndroidManifest.xml:14:9-40
29        <meta-data
29-->src\main\AndroidManifest.xml:15:9-107
30            android:name="com.facebook.sdk.ApplicationId"
30-->src\main\AndroidManifest.xml:15:20-65
31            android:value="@string/facebook_app_id" />
31-->src\main\AndroidManifest.xml:15:66-105
32
33        <activity
33-->src\main\AndroidManifest.xml:16:9-184
34            android:name="com.facebook.FacebookActivity"
34-->src\main\AndroidManifest.xml:16:19-63
35            android:configChanges="keyboard|keyboardHidden|screenLayout|screenSize|orientation"
35-->src\main\AndroidManifest.xml:16:64-148
36            android:label="@string/app_name"
36-->src\main\AndroidManifest.xml:16:149-181
37            android:theme="@style/com_facebook_activity_theme" />
37-->[com.facebook.android:facebook-common:4.42.0] AndroidManifest.xml:32:13-63
38        <activity
38-->src\main\AndroidManifest.xml:17:9-24:20
39            android:name="com.facebook.CustomTabActivity"
39-->src\main\AndroidManifest.xml:17:19-64
40            android:exported="true" >
40-->src\main\AndroidManifest.xml:17:65-88
41            <intent-filter>
41-->src\main\AndroidManifest.xml:18:13-23:25
42                <action android:name="android.intent.action.VIEW" />
42-->src\main\AndroidManifest.xml:19:13-65
42-->src\main\AndroidManifest.xml:19:21-62
43
44                <category android:name="android.intent.category.DEFAULT" />
44-->src\main\AndroidManifest.xml:20:13-72
44-->src\main\AndroidManifest.xml:20:23-69
45                <category android:name="android.intent.category.BROWSABLE" />
45-->src\main\AndroidManifest.xml:21:13-74
45-->src\main\AndroidManifest.xml:21:23-71
46
47                <data android:scheme="@string/fb_login_protocol_scheme" />
47-->src\main\AndroidManifest.xml:22:13-71
47-->src\main\AndroidManifest.xml:22:19-68
>>>>>>> feature/ConversacionOneToOne
48            </intent-filter>
49        </activity>
50
51        <!-- Add Other activities like this -->
52        <activity
<<<<<<< HEAD
52-->src\main\AndroidManifest.xml:29:9-36:20
53            android:name="com.example.chitchat.MainActivity"
53-->src\main\AndroidManifest.xml:29:19-47
54            android:theme="@style/SplashTheme" >
54-->src\main\AndroidManifest.xml:30:13-47
55
56            <!-- Default Intent Filter -->
57            <intent-filter>
57-->src\main\AndroidManifest.xml:32:13-35:29
58                <action android:name="android.intent.action.MAIN" />
58-->src\main\AndroidManifest.xml:33:17-69
58-->src\main\AndroidManifest.xml:33:25-66
59
60                <category android:name="android.intent.category.LAUNCHER" />
60-->src\main\AndroidManifest.xml:34:17-77
60-->src\main\AndroidManifest.xml:34:27-74
=======
52-->src\main\AndroidManifest.xml:29:9-36:20
53            android:name="com.example.chitchat.MainActivity"
53-->src\main\AndroidManifest.xml:29:19-47
54            android:theme="@style/SplashTheme" >
54-->src\main\AndroidManifest.xml:30:13-47
55
56            <!-- Default Intent Filter -->
57            <intent-filter>
57-->src\main\AndroidManifest.xml:32:13-35:29
58                <action android:name="android.intent.action.MAIN" />
58-->src\main\AndroidManifest.xml:33:17-69
58-->src\main\AndroidManifest.xml:33:25-66
59
60                <category android:name="android.intent.category.LAUNCHER" />
60-->src\main\AndroidManifest.xml:34:17-77
60-->src\main\AndroidManifest.xml:34:27-74
>>>>>>> feature/ConversacionOneToOne
61            </intent-filter>
62        </activity>
63
64        <service
<<<<<<< HEAD
64-->[com.google.firebase:firebase-database-ktx:19.7.0] AndroidManifest.xml:12:9-18:19
65            android:name="com.google.firebase.components.ComponentDiscoveryService"
65-->[com.google.firebase:firebase-database-ktx:19.7.0] AndroidManifest.xml:13:13-84
66            android:directBootAware="true"
66-->[com.google.firebase:firebase-common:19.5.0] AndroidManifest.xml:35:13-43
67            android:exported="false" >
67-->[com.google.firebase:firebase-database-ktx:19.7.0] AndroidManifest.xml:14:13-37
68            <meta-data
68-->[com.google.firebase:firebase-database-ktx:19.7.0] AndroidManifest.xml:15:13-17:85
69                android:name="com.google.firebase.components:com.google.firebase.database.ktx.FirebaseDatabaseKtxRegistrar"
69-->[com.google.firebase:firebase-database-ktx:19.7.0] AndroidManifest.xml:16:17-124
70                android:value="com.google.firebase.components.ComponentRegistrar" />
70-->[com.google.firebase:firebase-database-ktx:19.7.0] AndroidManifest.xml:17:17-82
71            <meta-data
71-->[com.google.firebase:firebase-auth-ktx:20.0.3] AndroidManifest.xml:11:13-13:85
72                android:name="com.google.firebase.components:com.google.firebase.auth.ktx.FirebaseAuthKtxRegistrar"
72-->[com.google.firebase:firebase-auth-ktx:20.0.3] AndroidManifest.xml:12:17-116
73                android:value="com.google.firebase.components.ComponentRegistrar" />
73-->[com.google.firebase:firebase-auth-ktx:20.0.3] AndroidManifest.xml:13:17-82
74            <meta-data
74-->[com.google.firebase:firebase-common-ktx:19.5.0] AndroidManifest.xml:15:13-17:85
75                android:name="com.google.firebase.components:com.google.firebase.ktx.FirebaseCommonKtxRegistrar"
75-->[com.google.firebase:firebase-common-ktx:19.5.0] AndroidManifest.xml:16:17-113
76                android:value="com.google.firebase.components.ComponentRegistrar" />
76-->[com.google.firebase:firebase-common-ktx:19.5.0] AndroidManifest.xml:17:17-82
77            <meta-data
77-->[com.google.firebase:firebase-auth:20.0.3] AndroidManifest.xml:77:13-79:85
78                android:name="com.google.firebase.components:com.google.firebase.auth.FirebaseAuthRegistrar"
78-->[com.google.firebase:firebase-auth:20.0.3] AndroidManifest.xml:78:17-109
79                android:value="com.google.firebase.components.ComponentRegistrar" />
79-->[com.google.firebase:firebase-auth:20.0.3] AndroidManifest.xml:79:17-82
80            <meta-data
80-->[com.google.firebase:firebase-database:19.7.0] AndroidManifest.xml:32:13-34:85
81                android:name="com.google.firebase.components:com.google.firebase.database.DatabaseRegistrar"
81-->[com.google.firebase:firebase-database:19.7.0] AndroidManifest.xml:33:17-109
82                android:value="com.google.firebase.components.ComponentRegistrar" />
82-->[com.google.firebase:firebase-database:19.7.0] AndroidManifest.xml:34:17-82
=======
64-->[com.google.firebase:firebase-database-ktx:19.7.0] AndroidManifest.xml:12:9-18:19
65            android:name="com.google.firebase.components.ComponentDiscoveryService"
65-->[com.google.firebase:firebase-database-ktx:19.7.0] AndroidManifest.xml:13:13-84
66            android:directBootAware="true"
66-->[com.google.firebase:firebase-common:19.5.0] AndroidManifest.xml:35:13-43
67            android:exported="false" >
67-->[com.google.firebase:firebase-database-ktx:19.7.0] AndroidManifest.xml:14:13-37
68            <meta-data
68-->[com.google.firebase:firebase-database-ktx:19.7.0] AndroidManifest.xml:15:13-17:85
69                android:name="com.google.firebase.components:com.google.firebase.database.ktx.FirebaseDatabaseKtxRegistrar"
69-->[com.google.firebase:firebase-database-ktx:19.7.0] AndroidManifest.xml:16:17-124
70                android:value="com.google.firebase.components.ComponentRegistrar" />
70-->[com.google.firebase:firebase-database-ktx:19.7.0] AndroidManifest.xml:17:17-82
71            <meta-data
71-->[com.google.firebase:firebase-auth-ktx:20.0.3] AndroidManifest.xml:11:13-13:85
72                android:name="com.google.firebase.components:com.google.firebase.auth.ktx.FirebaseAuthKtxRegistrar"
72-->[com.google.firebase:firebase-auth-ktx:20.0.3] AndroidManifest.xml:12:17-116
73                android:value="com.google.firebase.components.ComponentRegistrar" />
73-->[com.google.firebase:firebase-auth-ktx:20.0.3] AndroidManifest.xml:13:17-82
74            <meta-data
74-->[com.google.firebase:firebase-common-ktx:19.5.0] AndroidManifest.xml:15:13-17:85
75                android:name="com.google.firebase.components:com.google.firebase.ktx.FirebaseCommonKtxRegistrar"
75-->[com.google.firebase:firebase-common-ktx:19.5.0] AndroidManifest.xml:16:17-113
76                android:value="com.google.firebase.components.ComponentRegistrar" />
76-->[com.google.firebase:firebase-common-ktx:19.5.0] AndroidManifest.xml:17:17-82
77            <meta-data
77-->[com.google.firebase:firebase-auth:20.0.3] AndroidManifest.xml:77:13-79:85
78                android:name="com.google.firebase.components:com.google.firebase.auth.FirebaseAuthRegistrar"
78-->[com.google.firebase:firebase-auth:20.0.3] AndroidManifest.xml:78:17-109
79                android:value="com.google.firebase.components.ComponentRegistrar" />
79-->[com.google.firebase:firebase-auth:20.0.3] AndroidManifest.xml:79:17-82
80            <meta-data
80-->[com.google.firebase:firebase-database:19.7.0] AndroidManifest.xml:32:13-34:85
81                android:name="com.google.firebase.components:com.google.firebase.database.DatabaseRegistrar"
81-->[com.google.firebase:firebase-database:19.7.0] AndroidManifest.xml:33:17-109
82                android:value="com.google.firebase.components.ComponentRegistrar" />
82-->[com.google.firebase:firebase-database:19.7.0] AndroidManifest.xml:34:17-82
>>>>>>> feature/ConversacionOneToOne
83            <!--
84                This registrar is not defined in the dynamic-module-support sdk itself to allow non-firebase
85                clients to use it as well, by defining this registrar in their own core/common library.
86            -->
87            <meta-data
<<<<<<< HEAD
87-->[com.google.firebase:firebase-common:19.5.0] AndroidManifest.xml:43:13-45:85
88                android:name="com.google.firebase.components:com.google.firebase.dynamicloading.DynamicLoadingRegistrar"
88-->[com.google.firebase:firebase-common:19.5.0] AndroidManifest.xml:44:17-121
89                android:value="com.google.firebase.components.ComponentRegistrar" />
89-->[com.google.firebase:firebase-common:19.5.0] AndroidManifest.xml:45:17-82
90        </service>
91
92        <activity android:name="com.facebook.CustomTabMainActivity" />
92-->[com.facebook.android:facebook-common:4.42.0] AndroidManifest.xml:33:9-71
92-->[com.facebook.android:facebook-common:4.42.0] AndroidManifest.xml:33:19-68
93        <activity
93-->[com.google.android.gms:play-services-auth:19.0.0] AndroidManifest.xml:23:9-27:75
94            android:name="com.google.android.gms.auth.api.signin.internal.SignInHubActivity"
94-->[com.google.android.gms:play-services-auth:19.0.0] AndroidManifest.xml:24:13-93
95            android:excludeFromRecents="true"
95-->[com.google.android.gms:play-services-auth:19.0.0] AndroidManifest.xml:25:13-46
96            android:exported="false"
96-->[com.google.android.gms:play-services-auth:19.0.0] AndroidManifest.xml:26:13-37
97            android:theme="@android:style/Theme.Translucent.NoTitleBar" />
97-->[com.google.android.gms:play-services-auth:19.0.0] AndroidManifest.xml:27:13-72
=======
87-->[com.google.firebase:firebase-common:19.5.0] AndroidManifest.xml:43:13-45:85
88                android:name="com.google.firebase.components:com.google.firebase.dynamicloading.DynamicLoadingRegistrar"
88-->[com.google.firebase:firebase-common:19.5.0] AndroidManifest.xml:44:17-121
89                android:value="com.google.firebase.components.ComponentRegistrar" />
89-->[com.google.firebase:firebase-common:19.5.0] AndroidManifest.xml:45:17-82
90        </service>
91
92        <activity android:name="com.facebook.CustomTabMainActivity" />
92-->[com.facebook.android:facebook-common:4.42.0] AndroidManifest.xml:33:9-71
92-->[com.facebook.android:facebook-common:4.42.0] AndroidManifest.xml:33:19-68
93        <activity
93-->[com.google.android.gms:play-services-auth:19.0.0] AndroidManifest.xml:23:9-27:75
94            android:name="com.google.android.gms.auth.api.signin.internal.SignInHubActivity"
94-->[com.google.android.gms:play-services-auth:19.0.0] AndroidManifest.xml:24:13-93
95            android:excludeFromRecents="true"
95-->[com.google.android.gms:play-services-auth:19.0.0] AndroidManifest.xml:25:13-46
96            android:exported="false"
96-->[com.google.android.gms:play-services-auth:19.0.0] AndroidManifest.xml:26:13-37
97            android:theme="@android:style/Theme.Translucent.NoTitleBar" />
97-->[com.google.android.gms:play-services-auth:19.0.0] AndroidManifest.xml:27:13-72
>>>>>>> feature/ConversacionOneToOne
98        <!--
99            Service handling Google Sign-In user revocation. For apps that do not integrate with
100            Google Sign-In, this service will never be started.
101        -->
102        <service
<<<<<<< HEAD
102-->[com.google.android.gms:play-services-auth:19.0.0] AndroidManifest.xml:33:9-37:51
103            android:name="com.google.android.gms.auth.api.signin.RevocationBoundService"
103-->[com.google.android.gms:play-services-auth:19.0.0] AndroidManifest.xml:34:13-89
104            android:exported="true"
104-->[com.google.android.gms:play-services-auth:19.0.0] AndroidManifest.xml:35:13-36
105            android:permission="com.google.android.gms.auth.api.signin.permission.REVOCATION_NOTIFICATION"
105-->[com.google.android.gms:play-services-auth:19.0.0] AndroidManifest.xml:36:13-107
106            android:visibleToInstantApps="true" />
106-->[com.google.android.gms:play-services-auth:19.0.0] AndroidManifest.xml:37:13-48
107
108        <activity
108-->[com.google.firebase:firebase-auth:20.0.3] AndroidManifest.xml:27:9-44:20
109            android:name="com.google.firebase.auth.internal.GenericIdpActivity"
109-->[com.google.firebase:firebase-auth:20.0.3] AndroidManifest.xml:28:13-80
110            android:excludeFromRecents="true"
110-->[com.google.firebase:firebase-auth:20.0.3] AndroidManifest.xml:29:13-46
111            android:exported="true"
111-->[com.google.firebase:firebase-auth:20.0.3] AndroidManifest.xml:30:13-36
112            android:launchMode="singleTask"
112-->[com.google.firebase:firebase-auth:20.0.3] AndroidManifest.xml:31:13-44
113            android:theme="@android:style/Theme.Translucent.NoTitleBar" >
113-->[com.google.firebase:firebase-auth:20.0.3] AndroidManifest.xml:32:13-72
114            <intent-filter>
114-->[com.google.firebase:firebase-auth:20.0.3] AndroidManifest.xml:33:13-43:29
115                <action android:name="android.intent.action.VIEW" />
115-->src\main\AndroidManifest.xml:19:13-65
115-->src\main\AndroidManifest.xml:19:21-62
116
117                <category android:name="android.intent.category.DEFAULT" />
117-->src\main\AndroidManifest.xml:20:13-72
117-->src\main\AndroidManifest.xml:20:23-69
118                <category android:name="android.intent.category.BROWSABLE" />
118-->src\main\AndroidManifest.xml:21:13-74
118-->src\main\AndroidManifest.xml:21:23-71
119
120                <data
120-->src\main\AndroidManifest.xml:22:13-71
121                    android:host="firebase.auth"
122                    android:path="/"
123                    android:scheme="genericidp" />
123-->src\main\AndroidManifest.xml:22:19-68
124            </intent-filter>
125        </activity>
126        <activity
126-->[com.google.firebase:firebase-auth:20.0.3] AndroidManifest.xml:45:9-62:20
127            android:name="com.google.firebase.auth.internal.RecaptchaActivity"
127-->[com.google.firebase:firebase-auth:20.0.3] AndroidManifest.xml:46:13-79
128            android:excludeFromRecents="true"
128-->[com.google.firebase:firebase-auth:20.0.3] AndroidManifest.xml:47:13-46
129            android:exported="true"
129-->[com.google.firebase:firebase-auth:20.0.3] AndroidManifest.xml:48:13-36
130            android:launchMode="singleTask"
130-->[com.google.firebase:firebase-auth:20.0.3] AndroidManifest.xml:49:13-44
131            android:theme="@android:style/Theme.Translucent.NoTitleBar" >
131-->[com.google.firebase:firebase-auth:20.0.3] AndroidManifest.xml:50:13-72
132            <intent-filter>
132-->[com.google.firebase:firebase-auth:20.0.3] AndroidManifest.xml:51:13-61:29
133                <action android:name="android.intent.action.VIEW" />
133-->src\main\AndroidManifest.xml:19:13-65
133-->src\main\AndroidManifest.xml:19:21-62
134
135                <category android:name="android.intent.category.DEFAULT" />
135-->src\main\AndroidManifest.xml:20:13-72
135-->src\main\AndroidManifest.xml:20:23-69
136                <category android:name="android.intent.category.BROWSABLE" />
136-->src\main\AndroidManifest.xml:21:13-74
136-->src\main\AndroidManifest.xml:21:23-71
137
138                <data
138-->src\main\AndroidManifest.xml:22:13-71
139                    android:host="firebase.auth"
140                    android:path="/"
141                    android:scheme="recaptcha" />
141-->src\main\AndroidManifest.xml:22:19-68
=======
102-->[com.google.android.gms:play-services-auth:19.0.0] AndroidManifest.xml:33:9-37:51
103            android:name="com.google.android.gms.auth.api.signin.RevocationBoundService"
103-->[com.google.android.gms:play-services-auth:19.0.0] AndroidManifest.xml:34:13-89
104            android:exported="true"
104-->[com.google.android.gms:play-services-auth:19.0.0] AndroidManifest.xml:35:13-36
105            android:permission="com.google.android.gms.auth.api.signin.permission.REVOCATION_NOTIFICATION"
105-->[com.google.android.gms:play-services-auth:19.0.0] AndroidManifest.xml:36:13-107
106            android:visibleToInstantApps="true" />
106-->[com.google.android.gms:play-services-auth:19.0.0] AndroidManifest.xml:37:13-48
107
108        <activity
108-->[com.google.firebase:firebase-auth:20.0.3] AndroidManifest.xml:27:9-44:20
109            android:name="com.google.firebase.auth.internal.GenericIdpActivity"
109-->[com.google.firebase:firebase-auth:20.0.3] AndroidManifest.xml:28:13-80
110            android:excludeFromRecents="true"
110-->[com.google.firebase:firebase-auth:20.0.3] AndroidManifest.xml:29:13-46
111            android:exported="true"
111-->[com.google.firebase:firebase-auth:20.0.3] AndroidManifest.xml:30:13-36
112            android:launchMode="singleTask"
112-->[com.google.firebase:firebase-auth:20.0.3] AndroidManifest.xml:31:13-44
113            android:theme="@android:style/Theme.Translucent.NoTitleBar" >
113-->[com.google.firebase:firebase-auth:20.0.3] AndroidManifest.xml:32:13-72
114            <intent-filter>
114-->[com.google.firebase:firebase-auth:20.0.3] AndroidManifest.xml:33:13-43:29
115                <action android:name="android.intent.action.VIEW" />
115-->src\main\AndroidManifest.xml:19:13-65
115-->src\main\AndroidManifest.xml:19:21-62
116
117                <category android:name="android.intent.category.DEFAULT" />
117-->src\main\AndroidManifest.xml:20:13-72
117-->src\main\AndroidManifest.xml:20:23-69
118                <category android:name="android.intent.category.BROWSABLE" />
118-->src\main\AndroidManifest.xml:21:13-74
118-->src\main\AndroidManifest.xml:21:23-71
119
120                <data
120-->src\main\AndroidManifest.xml:22:13-71
121                    android:host="firebase.auth"
122                    android:path="/"
123                    android:scheme="genericidp" />
123-->src\main\AndroidManifest.xml:22:19-68
124            </intent-filter>
125        </activity>
126        <activity
126-->[com.google.firebase:firebase-auth:20.0.3] AndroidManifest.xml:45:9-62:20
127            android:name="com.google.firebase.auth.internal.RecaptchaActivity"
127-->[com.google.firebase:firebase-auth:20.0.3] AndroidManifest.xml:46:13-79
128            android:excludeFromRecents="true"
128-->[com.google.firebase:firebase-auth:20.0.3] AndroidManifest.xml:47:13-46
129            android:exported="true"
129-->[com.google.firebase:firebase-auth:20.0.3] AndroidManifest.xml:48:13-36
130            android:launchMode="singleTask"
130-->[com.google.firebase:firebase-auth:20.0.3] AndroidManifest.xml:49:13-44
131            android:theme="@android:style/Theme.Translucent.NoTitleBar" >
131-->[com.google.firebase:firebase-auth:20.0.3] AndroidManifest.xml:50:13-72
132            <intent-filter>
132-->[com.google.firebase:firebase-auth:20.0.3] AndroidManifest.xml:51:13-61:29
133                <action android:name="android.intent.action.VIEW" />
133-->src\main\AndroidManifest.xml:19:13-65
133-->src\main\AndroidManifest.xml:19:21-62
134
135                <category android:name="android.intent.category.DEFAULT" />
135-->src\main\AndroidManifest.xml:20:13-72
135-->src\main\AndroidManifest.xml:20:23-69
136                <category android:name="android.intent.category.BROWSABLE" />
136-->src\main\AndroidManifest.xml:21:13-74
136-->src\main\AndroidManifest.xml:21:23-71
137
138                <data
138-->src\main\AndroidManifest.xml:22:13-71
139                    android:host="firebase.auth"
140                    android:path="/"
141                    android:scheme="recaptcha" />
141-->src\main\AndroidManifest.xml:22:19-68
>>>>>>> feature/ConversacionOneToOne
142            </intent-filter>
143        </activity>
144
145        <service
<<<<<<< HEAD
145-->[com.google.firebase:firebase-auth:20.0.3] AndroidManifest.xml:64:9-73:19
146            android:name="com.google.firebase.auth.api.fallback.service.FirebaseAuthFallbackService"
146-->[com.google.firebase:firebase-auth:20.0.3] AndroidManifest.xml:65:13-101
147            android:enabled="true"
147-->[com.google.firebase:firebase-auth:20.0.3] AndroidManifest.xml:66:13-35
148            android:exported="false" >
148-->[com.google.firebase:firebase-auth:20.0.3] AndroidManifest.xml:67:13-37
149            <intent-filter>
149-->[com.google.firebase:firebase-auth:20.0.3] AndroidManifest.xml:68:13-72:29
150                <action android:name="com.google.firebase.auth.api.gms.service.START" />
150-->[com.google.firebase:firebase-auth:20.0.3] AndroidManifest.xml:69:17-89
150-->[com.google.firebase:firebase-auth:20.0.3] AndroidManifest.xml:69:25-86
151
152                <category android:name="android.intent.category.DEFAULT" />
152-->src\main\AndroidManifest.xml:20:13-72
152-->src\main\AndroidManifest.xml:20:23-69
=======
145-->[com.google.firebase:firebase-auth:20.0.3] AndroidManifest.xml:64:9-73:19
146            android:name="com.google.firebase.auth.api.fallback.service.FirebaseAuthFallbackService"
146-->[com.google.firebase:firebase-auth:20.0.3] AndroidManifest.xml:65:13-101
147            android:enabled="true"
147-->[com.google.firebase:firebase-auth:20.0.3] AndroidManifest.xml:66:13-35
148            android:exported="false" >
148-->[com.google.firebase:firebase-auth:20.0.3] AndroidManifest.xml:67:13-37
149            <intent-filter>
149-->[com.google.firebase:firebase-auth:20.0.3] AndroidManifest.xml:68:13-72:29
150                <action android:name="com.google.firebase.auth.api.gms.service.START" />
150-->[com.google.firebase:firebase-auth:20.0.3] AndroidManifest.xml:69:17-89
150-->[com.google.firebase:firebase-auth:20.0.3] AndroidManifest.xml:69:25-86
151
152                <category android:name="android.intent.category.DEFAULT" />
152-->src\main\AndroidManifest.xml:20:13-72
152-->src\main\AndroidManifest.xml:20:23-69
>>>>>>> feature/ConversacionOneToOne
153            </intent-filter>
154        </service>
155
156        <provider
<<<<<<< HEAD
156-->[com.google.firebase:firebase-common:19.5.0] AndroidManifest.xml:26:9-31:39
157            android:name="com.google.firebase.provider.FirebaseInitProvider"
157-->[com.google.firebase:firebase-common:19.5.0] AndroidManifest.xml:27:13-77
158            android:authorities="com.example.chitchat.firebaseinitprovider"
158-->[com.google.firebase:firebase-common:19.5.0] AndroidManifest.xml:28:13-72
159            android:directBootAware="true"